<?xml version="1.0" encoding="UTF-8"?>
<!-- Generated by org.testng.reporters.JUnitXMLReporter -->
<testsuite ignored="1" hostname="MANI" failures="0" tests="1" name="Default test" time="17.885" errors="0" timestamp="2026-03-04T13:52:33 IST">
  <testcase classname="com.qa.orangehrm.test.LoginPageTests" name="verifyTitle" time="0.045"/>
  <testcase classname="com.qa.orangehrm.test.LoginPageTests" name="LoginTest" time="0.0">
    <ignored/>
  </testcase> <!-- LoginTest -->
</testsuite> <!-- Default test -->
