<?xml version="1.0" encoding="UTF-8"?>
<!-- Generated by org.testng.reporters.JUnitXMLReporter -->
<testsuite ignored="0" hostname="MANI" failures="1" tests="1" name="LandingTests_edge" time="13.477" errors="0" timestamp="2026-03-06T13:31:00 IST">
  <testcase classname="com.qa.orangehrm.test.LandingPageTests" name="verifySidePanelOpenOnLogin" time="3.228">
    <failure type="java.lang.AssertionError" message="expected [true] but found [false]">
      <![CDATA[java.lang.AssertionError: expected [true] but found [false]
at com.qa.orangehrm.test.LandingPageTests.verifySidePanelOpenOnLogin(LandingPageTests.java:19)
at java.base/java.util.ArrayList.forEach(ArrayList.java:1597)
... Removed 29 stack frames]]>
    </failure>
  </testcase> <!-- verifySidePanelOpenOnLogin -->
</testsuite> <!-- LandingTests_edge -->
