<?xml version="1.0" encoding="UTF-8"?>
<!-- Generated by org.testng.reporters.JUnitXMLReporter -->
<testsuite ignored="0" hostname="MANI" failures="1" tests="2" name="Test" time="27.662" errors="0" timestamp="2026-03-03T20:39:48 IST">
  <testcase classname="com.qa.orangehrm.test.LoginPageTests" name="verifyTitle" time="0.046"/>
  <testcase classname="com.qa.orangehrm.test.LoginPageTests" name="LoginTest" time="4.887">
    <failure type="java.lang.AssertionError" message="expected [true] but found [false]">
      <![CDATA[java.lang.AssertionError: expected [true] but found [false]
at com.qa.orangehrm.test.LoginPageTests.LoginTest(LoginPageTests.java:21)
at java.base/java.util.concurrent.Executors$RunnableAdapter.call(Executors.java:572)
at java.base/java.util.concurrent.FutureTask.run(FutureTask.java:317)
at java.base/java.util.concurrent.ThreadPoolExecutor.runWorker(ThreadPoolExecutor.java:1144)
at java.base/java.util.concurrent.ThreadPoolExecutor$Worker.run(ThreadPoolExecutor.java:642)
at java.base/java.lang.Thread.run(Thread.java:1575)
... Removed 15 stack frames]]>
    </failure>
  </testcase> <!-- LoginTest -->
</testsuite> <!-- Test -->
