<?xml version="1.0" encoding="UTF-8"?>
<testng-results ignored="0" total="6" passed="4" failed="2" skipped="0">
  <reporter-output>
  </reporter-output>
  <suite started-at="2026-03-06T13:29:57 IST" name="Suite" finished-at="2026-03-06T13:31:00 IST" duration-ms="62744">
    <groups>
    </groups>
    <test started-at="2026-03-06T13:29:57 IST" name="LoginTests_chrome" finished-at="2026-03-06T13:30:18 IST" duration-ms="20324">
      <class name="com.qa.orangehrm.test.LoginPageTests">
        <test-method is-config="true" signature="launchBrowser(java.lang.String)[pri:0, instance:com.qa.orangehrm.test.LoginPageTests@15a34df2]" started-at="2026-03-06T13:29:57 IST" name="launchBrowser" finished-at="2026-03-06T13:30:13 IST" duration-ms="15646" status="PASS">
          <params>
            <param index="0">
              <value>
                <![CDATA[chrome]]>
              </value>
            </param>
          </params>
          <reporter-output>
          </reporter-output>
        </test-method> <!-- launchBrowser -->
        <test-method signature="verifyTitle()[pri:1, instance:com.qa.orangehrm.test.LoginPageTests@15a34df2]" started-at="2026-03-06T13:30:13 IST" name="verifyTitle" finished-at="2026-03-06T13:30:13 IST" duration-ms="28" status="PASS">
          <reporter-output>
          </reporter-output>
        </test-method> <!-- verifyTitle -->
        <test-method signature="LoginTest()[pri:2, instance:com.qa.orangehrm.test.LoginPageTests@15a34df2]" started-at="2026-03-06T13:30:13 IST" name="LoginTest" finished-at="2026-03-06T13:30:17 IST" duration-ms="3590" status="PASS">
          <reporter-output>
          </reporter-output>
        </test-method> <!-- LoginTest -->
        <test-method is-config="true" signature="killBrowser()[pri:0, instance:com.qa.orangehrm.test.LoginPageTests@15a34df2]" started-at="2026-03-06T13:30:18 IST" name="killBrowser" finished-at="2026-03-06T13:30:18 IST" duration-ms="1" status="PASS">
          <reporter-output>
          </reporter-output>
        </test-method> <!-- killBrowser -->
      </class> <!-- com.qa.orangehrm.test.LoginPageTests -->
    </test> <!-- LoginTests_chrome -->
    <test started-at="2026-03-06T13:30:18 IST" name="LandingTests_chormoium" finished-at="2026-03-06T13:30:28 IST" duration-ms="10304">
      <class name="com.qa.orangehrm.test.LandingPageTests">
        <test-method is-config="true" signature="launchBrowser(java.lang.String)[pri:0, instance:com.qa.orangehrm.test.LandingPageTests@2657d4dd]" started-at="2026-03-06T13:30:18 IST" name="launchBrowser" finished-at="2026-03-06T13:30:25 IST" duration-ms="7161" status="PASS">
          <params>
            <param index="0">
              <value>
                <![CDATA[chromium]]>
              </value>
            </param>
          </params>
          <reporter-output>
          </reporter-output>
        </test-method> <!-- launchBrowser -->
        <test-method signature="verifySidePanelOpenOnLogin()[pri:0, instance:com.qa.orangehrm.test.LandingPageTests@2657d4dd]" started-at="2026-03-06T13:30:25 IST" name="verifySidePanelOpenOnLogin" finished-at="2026-03-06T13:30:28 IST" duration-ms="3023" status="FAIL">
          <exception class="java.lang.AssertionError">
            <message>
              <![CDATA[expected [true] but found [false]]]>
            </message>
            <full-stacktrace>
              <![CDATA[java.lang.AssertionError: expected [true] but found [false]
at org.testng.Assert.fail(Assert.java:99)
at org.testng.Assert.failNotEquals(Assert.java:1037)
at org.testng.Assert.assertTrue(Assert.java:45)
at org.testng.Assert.assertTrue(Assert.java:55)
at com.qa.orangehrm.test.LandingPageTests.verifySidePanelOpenOnLogin(LandingPageTests.java:19)
at java.base/jdk.internal.reflect.DirectMethodHandleAccessor.invoke(DirectMethodHandleAccessor.java:103)
at java.base/java.lang.reflect.Method.invoke(Method.java:580)
at org.testng.internal.MethodInvocationHelper.invokeMethod(MethodInvocationHelper.java:133)
at org.testng.internal.TestInvoker.invokeMethod(TestInvoker.java:598)
at org.testng.internal.TestInvoker.invokeTestMethod(TestInvoker.java:173)
at org.testng.internal.MethodRunner.runInSequence(MethodRunner.java:46)
at org.testng.internal.TestInvoker$MethodInvocationAgent.invoke(TestInvoker.java:824)
at org.testng.internal.TestInvoker.invokeTestMethods(TestInvoker.java:146)
at org.testng.internal.TestMethodWorker.invokeTestMethods(TestMethodWorker.java:146)
at org.testng.internal.TestMethodWorker.run(TestMethodWorker.java:128)
at java.base/java.util.ArrayList.forEach(ArrayList.java:1597)
at org.testng.TestRunner.privateRun(TestRunner.java:794)
at org.testng.TestRunner.run(TestRunner.java:596)
at org.testng.SuiteRunner.runTest(SuiteRunner.java:377)
at org.testng.SuiteRunner.runSequentially(SuiteRunner.java:371)
at org.testng.SuiteRunner.privateRun(SuiteRunner.java:332)
at org.testng.SuiteRunner.run(SuiteRunner.java:276)
at org.testng.SuiteRunnerWorker.runSuite(SuiteRunnerWorker.java:53)
at org.testng.SuiteRunnerWorker.run(SuiteRunnerWorker.java:96)
at org.testng.TestNG.runSuitesSequentially(TestNG.java:1212)
at org.testng.TestNG.runSuitesLocally(TestNG.java:1134)
at org.testng.TestNG.runSuites(TestNG.java:1063)
at org.testng.TestNG.run(TestNG.java:1031)
at org.testng.remote.AbstractRemoteTestNG.run(AbstractRemoteTestNG.java:115)
at org.testng.remote.RemoteTestNG.initAndRun(RemoteTestNG.java:293)
at org.testng.remote.RemoteTestNG.main(RemoteTestNG.java:91)
]]>
            </full-stacktrace>
          </exception> <!-- java.lang.AssertionError -->
          <reporter-output>
          </reporter-output>
        </test-method> <!-- verifySidePanelOpenOnLogin -->
        <test-method is-config="true" signature="killBrowser()[pri:0, instance:com.qa.orangehrm.test.LandingPageTests@2657d4dd]" started-at="2026-03-06T13:30:28 IST" name="killBrowser" finished-at="2026-03-06T13:30:28 IST" duration-ms="0" status="PASS">
          <reporter-output>
          </reporter-output>
        </test-method> <!-- killBrowser -->
      </class> <!-- com.qa.orangehrm.test.LandingPageTests -->
    </test> <!-- LandingTests_chormoium -->
    <test started-at="2026-03-06T13:30:28 IST" name="LoginTests_firefox" finished-at="2026-03-06T13:30:47 IST" duration-ms="18048">
      <class name="com.qa.orangehrm.test.LoginPageTests">
        <test-method is-config="true" signature="launchBrowser(java.lang.String)[pri:0, instance:com.qa.orangehrm.test.LoginPageTests@387a8303]" started-at="2026-03-06T13:30:28 IST" name="launchBrowser" finished-at="2026-03-06T13:30:40 IST" duration-ms="11467" status="PASS">
          <params>
            <param index="0">
              <value>
                <![CDATA[firefox]]>
              </value>
            </param>
          </params>
          <reporter-output>
          </reporter-output>
        </test-method> <!-- launchBrowser -->
        <test-method signature="verifyTitle()[pri:1, instance:com.qa.orangehrm.test.LoginPageTests@387a8303]" started-at="2026-03-06T13:30:40 IST" name="verifyTitle" finished-at="2026-03-06T13:30:40 IST" duration-ms="28" status="PASS">
          <reporter-output>
          </reporter-output>
        </test-method> <!-- verifyTitle -->
        <test-method signature="LoginTest()[pri:2, instance:com.qa.orangehrm.test.LoginPageTests@387a8303]" started-at="2026-03-06T13:30:40 IST" name="LoginTest" finished-at="2026-03-06T13:30:44 IST" duration-ms="4032" status="PASS">
          <reporter-output>
          </reporter-output>
        </test-method> <!-- LoginTest -->
        <test-method is-config="true" signature="killBrowser()[pri:0, instance:com.qa.orangehrm.test.LoginPageTests@387a8303]" started-at="2026-03-06T13:30:47 IST" name="killBrowser" finished-at="2026-03-06T13:30:47 IST" duration-ms="0" status="PASS">
          <reporter-output>
          </reporter-output>
        </test-method> <!-- killBrowser -->
      </class> <!-- com.qa.orangehrm.test.LoginPageTests -->
    </test> <!-- LoginTests_firefox -->
    <test started-at="2026-03-06T13:30:47 IST" name="LandingTests_edge" finished-at="2026-03-06T13:31:00 IST" duration-ms="13477">
      <class name="com.qa.orangehrm.test.LandingPageTests">
        <test-method is-config="true" signature="launchBrowser(java.lang.String)[pri:0, instance:com.qa.orangehrm.test.LandingPageTests@57db2b13]" started-at="2026-03-06T13:30:47 IST" name="launchBrowser" finished-at="2026-03-06T13:30:57 IST" duration-ms="10118" status="PASS">
          <params>
            <param index="0">
              <value>
                <![CDATA[edge]]>
              </value>
            </param>
          </params>
          <reporter-output>
          </reporter-output>
        </test-method> <!-- launchBrowser -->
        <test-method signature="verifySidePanelOpenOnLogin()[pri:0, instance:com.qa.orangehrm.test.LandingPageTests@57db2b13]" started-at="2026-03-06T13:30:57 IST" name="verifySidePanelOpenOnLogin" finished-at="2026-03-06T13:31:00 IST" duration-ms="3228" status="FAIL">
          <exception class="java.lang.AssertionError">
            <message>
              <![CDATA[expected [true] but found [false]]]>
            </message>
            <full-stacktrace>
              <![CDATA[java.lang.AssertionError: expected [true] but found [false]
at org.testng.Assert.fail(Assert.java:99)
at org.testng.Assert.failNotEquals(Assert.java:1037)
at org.testng.Assert.assertTrue(Assert.java:45)
at org.testng.Assert.assertTrue(Assert.java:55)
at com.qa.orangehrm.test.LandingPageTests.verifySidePanelOpenOnLogin(LandingPageTests.java:19)
at java.base/jdk.internal.reflect.DirectMethodHandleAccessor.invoke(DirectMethodHandleAccessor.java:103)
at java.base/java.lang.reflect.Method.invoke(Method.java:580)
at org.testng.internal.MethodInvocationHelper.invokeMethod(MethodInvocationHelper.java:133)
at org.testng.internal.TestInvoker.invokeMethod(TestInvoker.java:598)
at org.testng.internal.TestInvoker.invokeTestMethod(TestInvoker.java:173)
at org.testng.internal.MethodRunner.runInSequence(MethodRunner.java:46)
at org.testng.internal.TestInvoker$MethodInvocationAgent.invoke(TestInvoker.java:824)
at org.testng.internal.TestInvoker.invokeTestMethods(TestInvoker.java:146)
at org.testng.internal.TestMethodWorker.invokeTestMethods(TestMethodWorker.java:146)
at org.testng.internal.TestMethodWorker.run(TestMethodWorker.java:128)
at java.base/java.util.ArrayList.forEach(ArrayList.java:1597)
at org.testng.TestRunner.privateRun(TestRunner.java:794)
at org.testng.TestRunner.run(TestRunner.java:596)
at org.testng.SuiteRunner.runTest(SuiteRunner.java:377)
at org.testng.SuiteRunner.runSequentially(SuiteRunner.java:371)
at org.testng.SuiteRunner.privateRun(SuiteRunner.java:332)
at org.testng.SuiteRunner.run(SuiteRunner.java:276)
at org.testng.SuiteRunnerWorker.runSuite(SuiteRunnerWorker.java:53)
at org.testng.SuiteRunnerWorker.run(SuiteRunnerWorker.java:96)
at org.testng.TestNG.runSuitesSequentially(TestNG.java:1212)
at org.testng.TestNG.runSuitesLocally(TestNG.java:1134)
at org.testng.TestNG.runSuites(TestNG.java:1063)
at org.testng.TestNG.run(TestNG.java:1031)
at org.testng.remote.AbstractRemoteTestNG.run(AbstractRemoteTestNG.java:115)
at org.testng.remote.RemoteTestNG.initAndRun(RemoteTestNG.java:293)
at org.testng.remote.RemoteTestNG.main(RemoteTestNG.java:91)
]]>
            </full-stacktrace>
          </exception> <!-- java.lang.AssertionError -->
          <reporter-output>
          </reporter-output>
        </test-method> <!-- verifySidePanelOpenOnLogin -->
        <test-method is-config="true" signature="killBrowser()[pri:0, instance:com.qa.orangehrm.test.LandingPageTests@57db2b13]" started-at="2026-03-06T13:31:00 IST" name="killBrowser" finished-at="2026-03-06T13:31:00 IST" duration-ms="0" status="PASS">
          <reporter-output>
          </reporter-output>
        </test-method> <!-- killBrowser -->
        <test-method is-config="true" signature="tearDown()[pri:0, instance:com.qa.orangehrm.test.LandingPageTests@57db2b13]" started-at="2026-03-06T13:31:00 IST" name="tearDown" finished-at="2026-03-06T13:31:00 IST" duration-ms="1" status="PASS">
          <reporter-output>
          </reporter-output>
        </test-method> <!-- tearDown -->
      </class> <!-- com.qa.orangehrm.test.LandingPageTests -->
    </test> <!-- LandingTests_edge -->
  </suite> <!-- Suite -->
</testng-results>
