<?xml version="1.0" encoding="UTF-8"?>
<!-- Generated by org.testng.reporters.JUnitReportReporter -->
<testsuite hostname="MANI" failures="0" tests="4" name="com.qa.orangehrm.test.LoginPageTests" time="7.678" errors="0" timestamp="2026-03-06T13:31:00 IST" skipped="0">
  <testcase classname="com.qa.orangehrm.test.LoginPageTests" name="verifyTitle" time="0.028"/>
  <system-out/>
  <testcase classname="com.qa.orangehrm.test.LoginPageTests" name="verifyTitle" time="0.028"/>
  <system-out/>
  <testcase classname="com.qa.orangehrm.test.LoginPageTests" name="LoginTest" time="3.590"/>
  <system-out/>
  <testcase classname="com.qa.orangehrm.test.LoginPageTests" name="LoginTest" time="4.032"/>
  <system-out/>
</testsuite> <!-- com.qa.orangehrm.test.LoginPageTests -->
